2018-09-18 10:18:44 temperature:24 huminity:41
2018-09-18 10:18:45 temperature:24 huminity:39
2018-09-18 10:18:46 temperature:24 huminity:39
2018-09-18 10:18:47 temperature:24 huminity:39
2018-09-18 10:18:50 temperature:24 huminity:38
2018-09-18 10:18:51 temperature:24 huminity:38
Traceback (most recent call last):
  File "DHT11.py", line 84, in <module>
    DHT11_read()
  File "DHT11.py", line 23, in DHT11_read
    time.sleep(0.2)
KeyboardInterrupt
2018-09-18 10:19:01 temperature:24 huminity:42
2018-09-18 10:19:02 temperature:24 huminity:41
2018-09-18 10:19:03 temperature:24 huminity:40
2018-09-18 10:19:04 temperature:24 huminity:39
2018-09-18 10:19:06 temperature:24 huminity:38
2018-09-18 10:19:07 temperature:24 huminity:38
2018-09-18 10:19:08 temperature:24 huminity:38
2018-09-18 10:19:15 temperature:24 huminity:38
2018-09-18 10:19:16 temperature:24 huminity:38
2018-09-18 10:19:20 temperature:24 huminity:38
2018-09-18 10:19:21 temperature:24 huminity:38
2018-09-18 10:19:23 temperature:24 huminity:38
2018-09-18 10:19:25 temperature:24 huminity:38
2018-09-18 10:19:28 temperature:25 huminity:37
2018-09-18 10:19:31 temperature:25 huminity:37
2018-09-18 10:19:33 temperature:25 huminity:37
2018-09-18 10:19:36 temperature:25 huminity:37
2018-09-18 10:19:37 temperature:25 huminity:37
2018-09-18 10:19:39 temperature:25 huminity:37
2018-09-18 10:19:40 temperature:25 huminity:37
2018-09-18 10:19:42 temperature:25 huminity:37
2018-09-18 10:19:45 temperature:25 huminity:37
2018-09-18 10:19:47 temperature:25 huminity:37
2018-09-18 10:19:49 temperature:25 huminity:37
2018-09-18 10:19:51 temperature:25 huminity:37
2018-09-18 10:19:52 temperature:25 huminity:36
2018-09-18 10:20:00 temperature:25 huminity:37
2018-09-18 10:20:01 temperature:25 huminity:36
2018-09-18 10:20:02 temperature:25 huminity:36
2018-09-18 10:20:04 temperature:25 huminity:36
2018-09-18 10:20:07 temperature:25 huminity:36
2018-09-18 10:20:09 temperature:25 huminity:37
2018-09-18 10:20:10 temperature:25 huminity:36
2018-09-18 10:20:13 temperature:25 huminity:36
2018-09-18 10:20:15 temperature:25 huminity:36
2018-09-18 10:20:16 temperature:25 huminity:36
2018-09-18 10:20:18 temperature:25 huminity:36
2018-09-18 10:20:19 temperature:25 huminity:37
2018-09-18 10:20:20 temperature:25 huminity:36
2018-09-18 10:20:25 temperature:25 huminity:36
2018-09-18 10:20:26 temperature:25 huminity:36
2018-09-18 10:20:30 temperature:25 huminity:36
2018-09-18 10:20:31 temperature:25 huminity:36
2018-09-18 10:20:34 temperature:25 huminity:36
2018-09-18 10:20:37 temperature:25 huminity:36
2018-09-18 10:20:39 temperature:25 huminity:36
2018-09-18 10:20:40 temperature:25 huminity:36
2018-09-18 10:20:42 temperature:25 huminity:36
2018-09-18 10:20:45 temperature:25 huminity:36
2018-09-18 10:20:46 temperature:25 huminity:36
2018-09-18 10:20:47 temperature:25 huminity:36
2018-09-18 10:20:49 temperature:25 huminity:36
2018-09-18 10:20:50 temperature:25 huminity:36
2018-09-18 10:20:51 temperature:25 huminity:36
2018-09-18 10:20:52 temperature:25 huminity:36
2018-09-18 10:20:53 temperature:25 huminity:36
2018-09-18 10:20:54 temperature:25 huminity:36
2018-09-18 10:20:56 temperature:25 huminity:36
2018-09-18 10:20:57 temperature:25 huminity:36
2018-09-18 10:20:58 temperature:25 huminity:36
2018-09-18 10:21:00 temperature:25 huminity:36
2018-09-18 10:21:01 temperature:25 huminity:36
2018-09-18 10:21:04 temperature:25 huminity:36
2018-09-18 10:21:06 temperature:25 huminity:36
2018-09-18 10:21:09 temperature:25 huminity:36
2018-09-18 10:21:10 temperature:25 huminity:36
2018-09-18 10:21:12 temperature:25 huminity:36
2018-09-18 10:21:19 temperature:25 huminity:40
2018-09-18 10:21:20 temperature:25 huminity:36
2018-09-18 10:21:21 temperature:25 huminity:36
2018-09-18 10:21:22 temperature:25 huminity:36
2018-09-18 10:21:26 temperature:25 huminity:36
2018-09-18 10:21:27 temperature:25 huminity:36
2018-09-18 10:21:30 temperature:25 huminity:36
2018-09-18 10:21:34 temperature:25 huminity:36
2018-09-18 10:21:37 temperature:25 huminity:36
2018-09-18 10:21:39 temperature:25 huminity:36
2018-09-18 10:21:40 temperature:25 huminity:36
2018-09-18 10:21:43 temperature:25 huminity:36
2018-09-18 10:21:46 temperature:25 huminity:36
2018-09-18 10:21:48 temperature:25 huminity:36
2018-09-18 10:21:49 temperature:25 huminity:36
2018-09-18 10:21:52 temperature:25 huminity:36
2018-09-18 10:21:54 temperature:25 huminity:36
2018-09-18 10:21:55 temperature:25 huminity:36
2018-09-18 10:21:58 temperature:25 huminity:36
2018-09-18 10:22:00 temperature:25 huminity:36
2018-09-18 10:22:01 temperature:25 huminity:36
2018-09-18 10:22:03 temperature:25 huminity:36
2018-09-18 10:22:04 temperature:25 huminity:36
2018-09-18 10:22:07 temperature:25 huminity:36
2018-09-18 10:22:12 temperature:25 huminity:36
2018-09-18 10:22:15 temperature:25 huminity:36
2018-09-18 10:22:19 temperature:25 huminity:37
2018-09-18 10:22:25 temperature:25 huminity:35
2018-09-18 10:22:31 temperature:25 huminity:35
2018-09-18 10:22:33 temperature:25 huminity:35
2018-09-18 10:22:34 temperature:25 huminity:35
2018-09-18 10:22:35 temperature:25 huminity:35
2018-09-18 10:22:36 temperature:25 huminity:35
2018-09-18 10:22:42 temperature:25 huminity:35
2018-09-18 10:22:43 temperature:25 huminity:35
2018-09-18 10:22:46 temperature:25 huminity:35
2018-09-18 10:22:48 temperature:25 huminity:35
2018-09-18 10:22:51 temperature:25 huminity:35
2018-09-18 10:22:52 temperature:25 huminity:35
2018-09-18 10:22:54 temperature:25 huminity:35
2018-09-18 10:22:57 temperature:25 huminity:35
2018-09-18 10:23:00 temperature:25 huminity:35
2018-09-18 10:23:01 temperature:25 huminity:35
2018-09-18 10:23:03 temperature:25 huminity:35
2018-09-18 10:23:04 temperature:25 huminity:35
2018-09-18 10:23:05 temperature:25 huminity:35
2018-09-18 10:23:06 temperature:25 huminity:35
2018-09-18 10:23:09 temperature:25 huminity:35
2018-09-18 10:23:10 temperature:25 huminity:35
2018-09-18 10:23:12 temperature:25 huminity:35
2018-09-18 10:23:13 temperature:25 huminity:35
2018-09-18 10:23:15 temperature:25 huminity:35
2018-09-18 10:23:16 temperature:25 huminity:36
2018-09-18 10:23:18 temperature:25 huminity:35
2018-09-18 10:23:19 temperature:26 huminity:37
2018-09-18 10:23:20 temperature:25 huminity:35
2018-09-18 10:23:22 temperature:25 huminity:35
2018-09-18 10:23:24 temperature:25 huminity:35
2018-09-18 10:23:25 temperature:25 huminity:38
2018-09-18 10:23:26 temperature:25 huminity:35
2018-09-18 10:23:27 temperature:25 huminity:35
2018-09-18 10:23:28 temperature:25 huminity:35
2018-09-18 10:23:30 temperature:25 huminity:35
2018-09-18 10:23:31 temperature:25 huminity:35
2018-09-18 10:23:33 temperature:25 huminity:35
2018-09-18 10:23:35 temperature:25 huminity:35
2018-09-18 10:23:36 temperature:25 huminity:35
2018-09-18 10:23:37 temperature:25 huminity:35
2018-09-18 10:23:39 temperature:25 huminity:35
2018-09-18 10:23:42 temperature:25 huminity:35
2018-09-18 10:23:43 temperature:25 huminity:35
2018-09-18 10:23:44 temperature:25 huminity:35
2018-09-18 10:23:45 temperature:25 huminity:35
2018-09-18 10:23:46 temperature:25 huminity:35
2018-09-18 10:23:47 temperature:25 huminity:35
2018-09-18 10:23:51 temperature:25 huminity:35
2018-09-18 10:23:52 temperature:25 huminity:35
2018-09-18 10:23:58 temperature:25 huminity:35
2018-09-18 10:24:00 temperature:27 huminity:37
2018-09-18 10:24:04 temperature:25 huminity:35
2018-09-18 10:24:07 temperature:25 huminity:35
2018-09-18 10:24:10 temperature:25 huminity:35
2018-09-18 10:24:12 temperature:25 huminity:35
2018-09-18 10:24:15 temperature:25 huminity:35
2018-09-18 10:24:16 temperature:25 huminity:35
2018-09-18 10:24:19 temperature:26 huminity:35
2018-09-18 10:24:24 temperature:25 huminity:35
2018-09-18 10:24:25 temperature:25 huminity:35
2018-09-18 10:24:27 temperature:25 huminity:35
2018-09-18 10:24:30 temperature:25 huminity:35
2018-09-18 10:24:31 temperature:25 huminity:35
2018-09-18 10:24:34 temperature:25 huminity:35
2018-09-18 10:24:35 temperature:25 huminity:35
2018-09-18 10:24:37 temperature:25 huminity:35
2018-09-18 10:24:38 temperature:25 huminity:35
2018-09-18 10:24:40 temperature:25 huminity:35
2018-09-18 10:24:43 temperature:25 huminity:35
2018-09-18 10:24:46 temperature:25 huminity:35
2018-09-18 10:24:51 temperature:25 huminity:35
2018-09-18 10:24:54 temperature:25 huminity:35
2018-09-18 10:24:55 temperature:25 huminity:35
2018-09-18 10:24:56 temperature:25 huminity:35
2018-09-18 10:24:58 temperature:25 huminity:35
2018-09-18 10:24:59 temperature:25 huminity:35
2018-09-18 10:25:01 temperature:25 huminity:35
2018-09-18 10:25:03 temperature:25 huminity:35
2018-09-18 10:25:04 temperature:25 huminity:35
2018-09-18 10:25:05 temperature:25 huminity:35
2018-09-18 10:25:07 temperature:25 huminity:35
2018-09-18 10:25:10 temperature:25 huminity:35
2018-09-18 10:25:11 temperature:25 huminity:35
2018-09-18 10:25:12 temperature:25 huminity:36
2018-09-18 10:25:13 temperature:25 huminity:35
2018-09-18 10:25:19 temperature:25 huminity:35
2018-09-18 10:25:20 temperature:25 huminity:35
2018-09-18 10:25:21 temperature:25 huminity:35
2018-09-18 10:25:25 temperature:25 huminity:35
2018-09-18 10:25:27 temperature:25 huminity:35
2018-09-18 10:25:28 temperature:25 huminity:37
2018-09-18 10:25:30 temperature:25 huminity:36
2018-09-18 10:25:33 temperature:25 huminity:35
2018-09-18 10:25:37 temperature:25 huminity:39
2018-09-18 10:25:40 temperature:25 huminity:35
2018-09-18 10:25:41 temperature:25 huminity:35
2018-09-18 10:25:42 temperature:25 huminity:35
2018-09-18 10:25:48 temperature:25 huminity:35
2018-09-18 10:25:50 temperature:25 huminity:36
2018-09-18 10:25:51 temperature:25 huminity:35
2018-09-18 10:25:52 temperature:25 huminity:35
2018-09-18 10:25:54 temperature:25 huminity:35
2018-09-18 10:25:55 temperature:25 huminity:35
2018-09-18 10:25:56 temperature:25 huminity:35
2018-09-18 10:26:01 temperature:25 huminity:35
2018-09-18 10:26:04 temperature:25 huminity:35
2018-09-18 10:26:05 temperature:25 huminity:35
2018-09-18 10:26:07 temperature:25 huminity:35
2018-09-18 10:26:09 temperature:25 huminity:35
2018-09-18 10:26:10 temperature:25 huminity:35
2018-09-18 10:26:12 temperature:25 huminity:36
2018-09-18 10:26:13 temperature:25 huminity:35
2018-09-18 10:26:16 temperature:25 huminity:35
2018-09-18 10:26:18 temperature:25 huminity:35
2018-09-18 10:26:19 temperature:25 huminity:36
2018-09-18 10:26:20 temperature:25 huminity:35
2018-09-18 10:26:21 temperature:25 huminity:38
2018-09-18 10:26:24 temperature:25 huminity:35
2018-09-18 10:26:25 temperature:25 huminity:35
2018-09-18 10:26:27 temperature:25 huminity:35
2018-09-18 10:26:28 temperature:25 huminity:35
2018-09-18 10:26:33 temperature:25 huminity:35
2018-09-18 10:26:34 temperature:25 huminity:35
2018-09-18 10:26:39 temperature:25 huminity:35
2018-09-18 10:26:40 temperature:25 huminity:35
2018-09-18 10:26:41 temperature:25 huminity:35
2018-09-18 10:26:44 temperature:25 huminity:35
2018-09-18 10:26:45 temperature:25 huminity:35
2018-09-18 10:26:52 temperature:25 huminity:35
2018-09-18 10:26:54 temperature:25 huminity:35
2018-09-18 10:26:56 temperature:25 huminity:35
2018-09-18 10:26:58 temperature:25 huminity:36
2018-09-18 10:27:01 temperature:25 huminity:35
2018-09-18 10:27:03 temperature:25 huminity:35
2018-09-18 10:27:04 temperature:25 huminity:35
2018-09-18 10:27:06 temperature:25 huminity:35
2018-09-18 10:27:12 temperature:25 huminity:35
2018-09-18 10:27:13 temperature:25 huminity:35
2018-09-18 10:27:15 temperature:25 huminity:35
2018-09-18 10:27:16 temperature:25 huminity:35
2018-09-18 10:27:18 temperature:25 huminity:35
2018-09-18 10:27:19 temperature:25 huminity:35
2018-09-18 10:27:20 temperature:25 huminity:35
2018-09-18 10:27:25 temperature:25 huminity:35
2018-09-18 10:27:27 temperature:25 huminity:35
2018-09-18 10:27:31 temperature:25 huminity:37
2018-09-18 10:27:33 temperature:25 huminity:35
2018-09-18 10:27:36 temperature:25 huminity:35
2018-09-18 10:27:37 temperature:25 huminity:35
2018-09-18 10:27:39 temperature:25 huminity:35
2018-09-18 10:27:40 temperature:25 huminity:35
2018-09-18 10:27:42 temperature:25 huminity:35
2018-09-18 10:27:43 temperature:25 huminity:35
2018-09-18 10:27:45 temperature:25 huminity:35
2018-09-18 10:27:46 temperature:25 huminity:35
2018-09-18 10:27:48 temperature:26 huminity:35
2018-09-18 10:27:49 temperature:25 huminity:35
2018-09-18 10:27:51 temperature:25 huminity:35
2018-09-18 10:27:54 temperature:25 huminity:35
2018-09-18 10:27:55 temperature:25 huminity:35
2018-09-18 10:27:58 temperature:25 huminity:35
2018-09-18 10:28:00 temperature:25 huminity:36
2018-09-18 10:28:01 temperature:25 huminity:35
2018-09-18 10:28:03 temperature:25 huminity:35
2018-09-18 10:28:09 temperature:25 huminity:35
2018-09-18 10:28:10 temperature:25 huminity:35
2018-09-18 10:28:12 temperature:25 huminity:35
2018-09-18 10:28:13 temperature:25 huminity:35
2018-09-18 10:28:15 temperature:25 huminity:35
2018-09-18 10:28:16 temperature:25 huminity:35
2018-09-18 10:28:18 temperature:25 huminity:35
2018-09-18 10:28:19 temperature:25 huminity:35
2018-09-18 10:28:20 temperature:25 huminity:35
2018-09-18 10:28:22 temperature:25 huminity:35
2018-09-18 10:28:24 temperature:25 huminity:35
2018-09-18 10:28:25 temperature:25 huminity:35
2018-09-18 10:28:27 temperature:25 huminity:35
2018-09-18 10:28:28 temperature:25 huminity:35
2018-09-18 10:28:29 temperature:25 huminity:35
2018-09-18 10:28:30 temperature:25 huminity:35
2018-09-18 10:28:31 temperature:25 huminity:35
2018-09-18 10:28:33 temperature:25 huminity:35
2018-09-18 10:28:34 temperature:25 huminity:35
2018-09-18 10:28:36 temperature:25 huminity:35
2018-09-18 10:28:37 temperature:25 huminity:35
2018-09-18 10:28:39 temperature:25 huminity:36
2018-09-18 10:28:40 temperature:25 huminity:35
2018-09-18 10:28:42 temperature:25 huminity:35
2018-09-18 10:28:43 temperature:25 huminity:35
2018-09-18 10:28:44 temperature:25 huminity:35
2018-09-18 10:28:45 temperature:25 huminity:35
2018-09-18 10:28:46 temperature:25 huminity:35
2018-09-18 10:28:48 temperature:25 huminity:35
2018-09-18 10:28:51 temperature:25 huminity:35
2018-09-18 10:28:52 temperature:25 huminity:35
2018-09-18 10:28:54 temperature:25 huminity:35
2018-09-18 10:28:55 temperature:25 huminity:35
2018-09-18 10:28:57 temperature:25 huminity:35
2018-09-18 10:28:58 temperature:25 huminity:35
2018-09-18 10:29:00 temperature:25 huminity:35
2018-09-18 10:29:01 temperature:25 huminity:35
2018-09-18 10:29:03 temperature:25 huminity:35
2018-09-18 10:29:07 temperature:25 huminity:35
2018-09-18 10:29:09 temperature:25 huminity:35
2018-09-18 10:29:10 temperature:25 huminity:35
2018-09-18 10:29:12 temperature:25 huminity:36
2018-09-18 10:29:13 temperature:25 huminity:35
2018-09-18 10:29:18 temperature:25 huminity:35
2018-09-18 10:29:19 temperature:25 huminity:36
2018-09-18 10:29:20 temperature:25 huminity:35
2018-09-18 10:29:21 temperature:25 huminity:35
2018-09-18 10:29:22 temperature:25 huminity:35
2018-09-18 10:29:23 temperature:25 huminity:35
2018-09-18 10:29:24 temperature:25 huminity:35
2018-09-18 10:29:25 temperature:25 huminity:36
2018-09-18 10:29:26 temperature:25 huminity:35
2018-09-18 10:29:27 temperature:25 huminity:35
2018-09-18 10:29:28 temperature:25 huminity:35
2018-09-18 10:29:30 temperature:25 huminity:35
2018-09-18 10:29:33 temperature:25 huminity:35
2018-09-18 10:29:34 temperature:25 huminity:35
2018-09-18 10:29:36 temperature:25 huminity:35
2018-09-18 10:29:37 temperature:25 huminity:36
2018-09-18 10:29:38 temperature:25 huminity:35
2018-09-18 10:29:39 temperature:25 huminity:35
2018-09-18 10:29:40 temperature:25 huminity:35
2018-09-18 10:29:42 temperature:25 huminity:36
2018-09-18 10:29:43 temperature:25 huminity:35
2018-09-18 10:29:44 temperature:25 huminity:35
2018-09-18 10:29:45 temperature:25 huminity:35
2018-09-18 10:29:46 temperature:25 huminity:35
2018-09-18 10:29:47 temperature:25 huminity:35
2018-09-18 10:29:48 temperature:25 huminity:35
2018-09-18 10:29:49 temperature:25 huminity:35
2018-09-18 10:29:51 temperature:25 huminity:36
2018-09-18 10:29:54 temperature:25 huminity:35
2018-09-18 10:29:55 temperature:25 huminity:36
2018-09-18 10:29:57 temperature:25 huminity:35
2018-09-18 10:29:58 temperature:25 huminity:35
2018-09-18 10:30:00 temperature:25 huminity:35
2018-09-18 10:30:01 temperature:25 huminity:35
2018-09-18 10:30:02 temperature:25 huminity:35
2018-09-18 10:30:03 temperature:25 huminity:35
2018-09-18 10:30:04 temperature:25 huminity:35
2018-09-18 10:30:07 temperature:25 huminity:35
2018-09-18 10:30:09 temperature:25 huminity:36
2018-09-18 10:30:10 temperature:25 huminity:35
2018-09-18 10:30:11 temperature:25 huminity:35
2018-09-18 10:30:12 temperature:25 huminity:35
2018-09-18 10:30:13 temperature:25 huminity:35
2018-09-18 10:30:14 temperature:25 huminity:35
2018-09-18 10:30:15 temperature:25 huminity:35
2018-09-18 10:30:18 temperature:25 huminity:35
2018-09-18 10:30:20 temperature:25 huminity:35
2018-09-18 10:30:21 temperature:25 huminity:35
2018-09-18 10:30:22 temperature:25 huminity:35
2018-09-18 10:30:24 temperature:25 huminity:35
2018-09-18 10:30:26 temperature:25 huminity:35
2018-09-18 10:30:27 temperature:25 huminity:35
2018-09-18 10:30:28 temperature:25 huminity:35
2018-09-18 10:30:30 temperature:25 huminity:35
2018-09-18 10:30:31 temperature:25 huminity:35
2018-09-18 10:30:32 temperature:25 huminity:35
2018-09-18 10:30:33 temperature:25 huminity:35
2018-09-18 10:30:34 temperature:25 huminity:35
2018-09-18 10:30:36 temperature:25 huminity:35
2018-09-18 10:30:37 temperature:25 huminity:35
2018-09-18 10:30:39 temperature:25 huminity:35
2018-09-18 10:30:41 temperature:25 huminity:35
2018-09-18 10:30:42 temperature:25 huminity:35
2018-09-18 10:30:43 temperature:25 huminity:35
2018-09-18 10:30:45 temperature:25 huminity:35
2018-09-18 10:30:46 temperature:25 huminity:35
2018-09-18 10:30:47 temperature:25 huminity:35
2018-09-18 10:30:48 temperature:25 huminity:35
2018-09-18 10:30:49 temperature:25 huminity:35
2018-09-18 10:30:50 temperature:25 huminity:35
2018-09-18 10:30:51 temperature:25 huminity:35
2018-09-18 10:30:52 temperature:25 huminity:35
2018-09-18 10:30:53 temperature:25 huminity:35
2018-09-18 10:30:55 temperature:25 huminity:35
2018-09-18 10:30:56 temperature:25 huminity:35
2018-09-18 10:30:57 temperature:25 huminity:35
2018-09-18 10:30:58 temperature:25 huminity:35
2018-09-18 10:31:00 temperature:25 huminity:35
2018-09-18 10:31:01 temperature:25 huminity:35
2018-09-18 10:31:03 temperature:25 huminity:35
2018-09-18 10:31:05 temperature:25 huminity:35
2018-09-18 10:31:06 temperature:25 huminity:35
2018-09-18 10:31:07 temperature:25 huminity:35
2018-09-18 10:31:09 temperature:25 huminity:35
2018-09-18 10:31:10 temperature:25 huminity:35
2018-09-18 10:31:12 temperature:25 huminity:35
2018-09-18 10:31:14 temperature:25 huminity:35
2018-09-18 10:31:16 temperature:25 huminity:35
2018-09-18 10:31:17 temperature:25 huminity:35
2018-09-18 10:31:20 temperature:26 huminity:35
2018-09-18 10:31:21 temperature:25 huminity:35
2018-09-18 10:31:22 temperature:25 huminity:35
2018-09-18 10:31:24 temperature:25 huminity:35
2018-09-18 10:31:25 temperature:25 huminity:35
2018-09-18 10:31:26 temperature:25 huminity:35
2018-09-18 10:31:27 temperature:25 huminity:35
2018-09-18 10:31:29 temperature:25 huminity:35
2018-09-18 10:31:30 temperature:25 huminity:35
2018-09-18 10:31:31 temperature:25 huminity:35
2018-09-18 10:31:33 temperature:25 huminity:35
2018-09-18 10:31:34 temperature:25 huminity:35
2018-09-18 10:31:36 temperature:25 huminity:36
2018-09-18 10:31:38 temperature:25 huminity:35
2018-09-18 10:31:39 temperature:25 huminity:35
2018-09-18 10:31:40 temperature:25 huminity:35
2018-09-18 10:31:41 temperature:26 huminity:35
2018-09-18 10:31:42 temperature:25 huminity:35
2018-09-18 10:31:43 temperature:25 huminity:35
2018-09-18 10:31:44 temperature:25 huminity:35
2018-09-18 10:31:45 temperature:25 huminity:35
2018-09-18 10:31:46 temperature:25 huminity:35
2018-09-18 10:31:48 temperature:25 huminity:35
2018-09-18 10:31:49 temperature:25 huminity:35
2018-09-18 10:31:50 temperature:25 huminity:35
2018-09-18 10:31:53 temperature:25 huminity:35
2018-09-18 10:31:54 temperature:25 huminity:35
2018-09-18 10:31:55 temperature:25 huminity:35
2018-09-18 10:31:56 temperature:26 huminity:35
2018-09-18 10:31:57 temperature:25 huminity:35
2018-09-18 10:32:00 temperature:25 huminity:35
2018-09-18 10:32:01 temperature:25 huminity:35
2018-09-18 10:32:02 temperature:25 huminity:35
2018-09-18 10:32:03 temperature:25 huminity:35
2018-09-18 10:32:04 temperature:25 huminity:35
2018-09-18 10:32:05 temperature:25 huminity:35
2018-09-18 10:32:06 temperature:25 huminity:35
2018-09-18 10:32:08 temperature:25 huminity:35
2018-09-18 10:32:09 temperature:25 huminity:35
2018-09-18 10:32:10 temperature:25 huminity:35
2018-09-18 10:32:13 temperature:25 huminity:37
2018-09-18 10:32:15 temperature:25 huminity:35
2018-09-18 10:32:17 temperature:25 huminity:35
2018-09-18 10:32:18 temperature:25 huminity:35
2018-09-18 10:32:19 temperature:25 huminity:35
2018-09-18 10:32:20 temperature:25 huminity:35
2018-09-18 10:32:21 temperature:25 huminity:35
2018-09-18 10:32:22 temperature:25 huminity:35
2018-09-18 10:32:26 temperature:25 huminity:35
2018-09-18 10:32:27 temperature:25 huminity:35
2018-09-18 10:32:28 temperature:25 huminity:35
2018-09-18 10:32:30 temperature:25 huminity:35
2018-09-18 10:32:32 temperature:25 huminity:35
2018-09-18 10:32:33 temperature:25 huminity:35
2018-09-18 10:32:34 temperature:25 huminity:35
2018-09-18 10:32:38 temperature:25 huminity:35
2018-09-18 10:32:39 temperature:25 huminity:35
2018-09-18 10:32:41 temperature:25 huminity:35
2018-09-18 10:32:42 temperature:25 huminity:35
2018-09-18 10:32:43 temperature:25 huminity:35
2018-09-18 10:32:45 temperature:25 huminity:35
2018-09-18 10:32:46 temperature:25 huminity:35
2018-09-18 10:32:47 temperature:25 huminity:35
2018-09-18 10:32:48 temperature:25 huminity:35
2018-09-18 10:32:51 temperature:25 huminity:35
2018-09-18 10:32:55 temperature:25 huminity:35
2018-09-18 10:32:56 temperature:25 huminity:35
2018-09-18 10:32:58 temperature:25 huminity:35
2018-09-18 10:33:00 temperature:25 huminity:35
2018-09-18 10:33:01 temperature:25 huminity:35
2018-09-18 10:33:02 temperature:25 huminity:35
2018-09-18 10:33:03 temperature:25 huminity:35
2018-09-18 10:33:05 temperature:25 huminity:35
2018-09-18 10:33:07 temperature:25 huminity:35
2018-09-18 10:33:08 temperature:25 huminity:35
2018-09-18 10:33:09 temperature:25 huminity:35
2018-09-18 10:33:11 temperature:25 huminity:35
2018-09-18 10:33:12 temperature:25 huminity:35
2018-09-18 10:33:13 temperature:25 huminity:35
2018-09-18 10:33:14 temperature:25 huminity:35
2018-09-18 10:33:15 temperature:25 huminity:35
2018-09-18 10:33:16 temperature:25 huminity:35
2018-09-18 10:33:17 temperature:25 huminity:35
2018-09-18 10:33:18 temperature:25 huminity:35
2018-09-18 10:33:19 temperature:25 huminity:37
2018-09-18 10:33:20 temperature:25 huminity:35
2018-09-18 10:33:21 temperature:25 huminity:35
2018-09-18 10:33:22 temperature:25 huminity:35
2018-09-18 10:33:23 temperature:25 huminity:35
2018-09-18 10:33:24 temperature:25 huminity:35
2018-09-18 10:33:26 temperature:25 huminity:35
2018-09-18 10:33:27 temperature:25 huminity:35
2018-09-18 10:33:29 temperature:25 huminity:35
2018-09-18 10:33:30 temperature:25 huminity:35
2018-09-18 10:33:31 temperature:25 huminity:35
2018-09-18 10:33:32 temperature:25 huminity:35
2018-09-18 10:33:33 temperature:25 huminity:35
2018-09-18 10:33:34 temperature:25 huminity:35
2018-09-18 10:33:35 temperature:25 huminity:35
2018-09-18 10:33:36 temperature:25 huminity:35
2018-09-18 10:33:38 temperature:25 huminity:35
2018-09-18 10:33:39 temperature:25 huminity:35
2018-09-18 10:33:40 temperature:25 huminity:35
2018-09-18 10:33:41 temperature:25 huminity:35
2018-09-18 10:33:44 temperature:25 huminity:35
2018-09-18 10:33:45 temperature:25 huminity:35
2018-09-18 10:33:46 temperature:25 huminity:35
2018-09-18 10:33:48 temperature:25 huminity:35
2018-09-18 10:33:50 temperature:25 huminity:35
2018-09-18 10:33:53 temperature:25 huminity:35
2018-09-18 10:33:54 temperature:25 huminity:35
2018-09-18 10:33:57 temperature:25 huminity:35
2018-09-18 10:33:58 temperature:25 huminity:35
2018-09-18 10:33:59 temperature:25 huminity:35
2018-09-18 10:34:00 temperature:25 huminity:35
2018-09-18 10:34:01 temperature:25 huminity:36
2018-09-18 10:34:02 temperature:25 huminity:35
2018-09-18 10:34:03 temperature:25 huminity:35
2018-09-18 10:34:04 temperature:25 huminity:38
2018-09-18 10:34:05 temperature:25 huminity:35
2018-09-18 10:34:07 temperature:25 huminity:35
2018-09-18 10:34:08 temperature:25 huminity:35
2018-09-18 10:34:09 temperature:25 huminity:36
2018-09-18 10:34:10 temperature:25 huminity:35
2018-09-18 10:34:11 temperature:25 huminity:35
2018-09-18 10:34:12 temperature:25 huminity:35
2018-09-18 10:34:13 temperature:25 huminity:36
2018-09-18 10:34:14 temperature:25 huminity:35
2018-09-18 10:34:15 temperature:25 huminity:35
2018-09-18 10:34:16 temperature:25 huminity:35
2018-09-18 10:34:17 temperature:25 huminity:35
2018-09-18 10:34:18 temperature:25 huminity:35
2018-09-18 10:34:20 temperature:25 huminity:35
2018-09-18 10:34:21 temperature:25 huminity:35
2018-09-18 10:34:22 temperature:25 huminity:35
2018-09-18 10:34:23 temperature:25 huminity:35
2018-09-18 10:34:26 temperature:25 huminity:35
2018-09-18 10:34:27 temperature:25 huminity:36
2018-09-18 10:34:29 temperature:25 huminity:35
2018-09-18 10:34:30 temperature:25 huminity:35
2018-09-18 10:34:31 temperature:25 huminity:35
2018-09-18 10:34:32 temperature:25 huminity:35
2018-09-18 10:34:34 temperature:25 huminity:35
2018-09-18 10:34:35 temperature:25 huminity:38
2018-09-18 10:34:36 temperature:25 huminity:35
2018-09-18 10:34:43 temperature:25 huminity:35
2018-09-18 10:34:44 temperature:25 huminity:35
2018-09-18 10:34:45 temperature:25 huminity:35
2018-09-18 10:34:47 temperature:25 huminity:35
2018-09-18 10:34:48 temperature:25 huminity:35
2018-09-18 10:34:50 temperature:25 huminity:35
2018-09-18 10:34:51 temperature:25 huminity:35
2018-09-18 10:34:53 temperature:25 huminity:35
2018-09-18 10:34:54 temperature:25 huminity:35
2018-09-18 10:34:55 temperature:25 huminity:35
2018-09-18 10:34:56 temperature:25 huminity:35
2018-09-18 10:34:57 temperature:25 huminity:35
2018-09-18 10:34:58 temperature:25 huminity:35
2018-09-18 10:34:59 temperature:25 huminity:35
2018-09-18 10:35:00 temperature:25 huminity:35
2018-09-18 10:35:01 temperature:25 huminity:35
2018-09-18 10:35:02 temperature:25 huminity:35
2018-09-18 10:35:03 temperature:25 huminity:35
2018-09-18 10:35:04 temperature:25 huminity:35
2018-09-18 10:35:05 temperature:25 huminity:35
2018-09-18 10:35:06 temperature:25 huminity:35
2018-09-18 10:35:08 temperature:25 huminity:35
2018-09-18 10:35:09 temperature:25 huminity:35
2018-09-18 10:35:11 temperature:25 huminity:35
2018-09-18 10:35:12 temperature:25 huminity:35
2018-09-18 10:35:14 temperature:25 huminity:35
2018-09-18 10:35:15 temperature:25 huminity:36
2018-09-18 10:35:17 temperature:25 huminity:35
2018-09-18 10:35:18 temperature:25 huminity:35
2018-09-18 10:35:20 temperature:25 huminity:35
2018-09-18 10:35:21 temperature:25 huminity:35
2018-09-18 10:35:23 temperature:25 huminity:35
2018-09-18 10:35:26 temperature:25 huminity:35
2018-09-18 10:35:27 temperature:25 huminity:35
2018-09-18 10:35:29 temperature:25 huminity:35
2018-09-18 10:35:30 temperature:25 huminity:35
2018-09-18 10:35:31 temperature:25 huminity:35
2018-09-18 10:35:32 temperature:25 huminity:35
2018-09-18 10:35:35 temperature:25 huminity:35
2018-09-18 10:35:38 temperature:25 huminity:35
2018-09-18 10:35:39 temperature:25 huminity:35
2018-09-18 10:35:40 temperature:25 huminity:35
2018-09-18 10:35:41 temperature:25 huminity:35
2018-09-18 10:35:42 temperature:25 huminity:35
2018-09-18 10:35:43 temperature:25 huminity:35
2018-09-18 10:35:44 temperature:25 huminity:35
2018-09-18 10:35:45 temperature:25 huminity:35
2018-09-18 10:35:47 temperature:25 huminity:35
2018-09-18 10:35:48 temperature:25 huminity:35
2018-09-18 10:35:50 temperature:25 huminity:35
2018-09-18 10:35:51 temperature:25 huminity:35
2018-09-18 10:35:53 temperature:25 huminity:35
2018-09-18 10:35:54 temperature:25 huminity:35
2018-09-18 10:35:56 temperature:25 huminity:35
2018-09-18 10:35:59 temperature:25 huminity:35
2018-09-18 10:36:00 temperature:25 huminity:35
2018-09-18 10:36:01 temperature:25 huminity:35
2018-09-18 10:36:03 temperature:25 huminity:35
2018-09-18 10:36:04 temperature:25 huminity:35
2018-09-18 10:36:05 temperature:25 huminity:35
2018-09-18 10:36:06 temperature:25 huminity:35
2018-09-18 10:36:08 temperature:25 huminity:35
2018-09-18 10:36:09 temperature:25 huminity:35
2018-09-18 10:36:11 temperature:25 huminity:35
2018-09-18 10:36:12 temperature:25 huminity:35
2018-09-18 10:36:14 temperature:25 huminity:35
2018-09-18 10:36:15 temperature:25 huminity:35
2018-09-18 10:36:17 temperature:25 huminity:35
2018-09-18 10:36:18 temperature:25 huminity:35
2018-09-18 10:36:19 temperature:25 huminity:35
2018-09-18 10:36:20 temperature:25 huminity:35
2018-09-18 10:36:21 temperature:25 huminity:35
2018-09-18 10:36:23 temperature:25 huminity:35
2018-09-18 10:36:24 temperature:25 huminity:35
2018-09-18 10:36:25 temperature:25 huminity:35
2018-09-18 10:36:26 temperature:25 huminity:35
2018-09-18 10:36:27 temperature:25 huminity:35
2018-09-18 10:36:28 temperature:25 huminity:35
2018-09-18 10:36:29 temperature:25 huminity:35
2018-09-18 10:36:30 temperature:25 huminity:35
2018-09-18 10:36:32 temperature:25 huminity:35
2018-09-18 10:36:33 temperature:25 huminity:35
2018-09-18 10:36:35 temperature:25 huminity:35
2018-09-18 10:36:36 temperature:25 huminity:35
2018-09-18 10:36:38 temperature:25 huminity:35
2018-09-18 10:36:39 temperature:25 huminity:37
2018-09-18 10:36:41 temperature:25 huminity:35
2018-09-18 10:36:43 temperature:25 huminity:35
2018-09-18 10:36:44 temperature:25 huminity:35
2018-09-18 10:36:45 temperature:25 huminity:35
2018-09-18 10:36:47 temperature:25 huminity:35
2018-09-18 10:36:48 temperature:25 huminity:35
2018-09-18 10:36:50 temperature:25 huminity:35
2018-09-18 10:36:51 temperature:25 huminity:35
2018-09-18 10:36:53 temperature:25 huminity:35
2018-09-18 10:36:56 temperature:25 huminity:35
2018-09-18 10:36:57 temperature:25 huminity:35
2018-09-18 10:36:59 temperature:25 huminity:35
2018-09-18 10:37:00 temperature:25 huminity:35
2018-09-18 10:37:01 temperature:25 huminity:35
2018-09-18 10:37:02 temperature:25 huminity:35
2018-09-18 10:37:03 temperature:25 huminity:35
2018-09-18 10:37:05 temperature:25 huminity:35
2018-09-18 10:37:06 temperature:25 huminity:36
2018-09-18 10:37:08 temperature:25 huminity:35
2018-09-18 10:37:09 temperature:25 huminity:35
2018-09-18 10:37:11 temperature:25 huminity:35
2018-09-18 10:37:12 temperature:25 huminity:35
2018-09-18 10:37:14 temperature:25 huminity:35
2018-09-18 10:37:20 temperature:25 huminity:35
2018-09-18 10:37:21 temperature:25 huminity:35
2018-09-18 10:37:23 temperature:25 huminity:35
2018-09-18 10:37:24 temperature:25 huminity:35
2018-09-18 10:37:25 temperature:25 huminity:35
2018-09-18 10:37:26 temperature:25 huminity:35
2018-09-18 10:37:27 temperature:25 huminity:35
2018-09-18 10:37:30 temperature:25 huminity:35
2018-09-18 10:37:32 temperature:25 huminity:35
2018-09-18 10:37:33 temperature:25 huminity:35
2018-09-18 10:37:35 temperature:25 huminity:35
2018-09-18 10:37:36 temperature:25 huminity:35
2018-09-18 10:37:38 temperature:25 huminity:35
2018-09-18 10:37:39 temperature:25 huminity:35
2018-09-18 10:37:40 temperature:25 huminity:35
2018-09-18 10:37:41 temperature:25 huminity:35
2018-09-18 10:37:42 temperature:25 huminity:35
2018-09-18 10:37:43 temperature:25 huminity:35
2018-09-18 10:37:44 temperature:25 huminity:35
2018-09-18 10:37:45 temperature:25 huminity:35
2018-09-18 10:37:47 temperature:25 huminity:35
2018-09-18 10:37:48 temperature:25 huminity:35
2018-09-18 10:37:50 temperature:25 huminity:35
2018-09-18 10:37:51 temperature:25 huminity:35
2018-09-18 10:37:53 temperature:25 huminity:35
2018-09-18 10:37:54 temperature:25 huminity:35
2018-09-18 10:37:55 temperature:25 huminity:35
2018-09-18 10:37:56 temperature:25 huminity:35
2018-09-18 10:37:57 temperature:25 huminity:35
2018-09-18 10:37:59 temperature:25 huminity:35
2018-09-18 10:38:00 temperature:25 huminity:35
2018-09-18 10:38:01 temperature:25 huminity:35
2018-09-18 10:38:03 temperature:25 huminity:35
2018-09-18 10:38:05 temperature:25 huminity:35
2018-09-18 10:38:06 temperature:25 huminity:35
2018-09-18 10:38:08 temperature:25 huminity:35
2018-09-18 10:38:11 temperature:25 huminity:35
2018-09-18 10:38:12 temperature:25 huminity:35
2018-09-18 10:38:14 temperature:25 huminity:35
2018-09-18 10:38:15 temperature:25 huminity:35
2018-09-18 10:38:17 temperature:25 huminity:35
2018-09-18 10:38:18 temperature:25 huminity:35
2018-09-18 10:38:19 temperature:25 huminity:35
2018-09-18 10:38:20 temperature:25 huminity:35
2018-09-18 10:38:21 temperature:25 huminity:35
2018-09-18 10:38:22 temperature:25 huminity:35
2018-09-18 10:38:23 temperature:25 huminity:38
2018-09-18 10:38:24 temperature:25 huminity:35
2018-09-18 10:38:25 temperature:25 huminity:35
2018-09-18 10:38:26 temperature:25 huminity:35
2018-09-18 10:38:27 temperature:25 huminity:35
2018-09-18 10:38:28 temperature:25 huminity:35
2018-09-18 10:38:29 temperature:25 huminity:35
2018-09-18 10:38:30 temperature:25 huminity:34
2018-09-18 10:38:31 temperature:25 huminity:35
2018-09-18 10:38:32 temperature:25 huminity:35
2018-09-18 10:38:33 temperature:25 huminity:35
2018-09-18 10:38:35 temperature:25 huminity:35
2018-09-18 10:38:36 temperature:25 huminity:35
2018-09-18 10:38:38 temperature:25 huminity:34
2018-09-18 10:38:39 temperature:25 huminity:34
2018-09-18 10:38:41 temperature:25 huminity:35
2018-09-18 10:38:44 temperature:25 huminity:34
2018-09-18 10:38:45 temperature:25 huminity:35
2018-09-18 10:38:46 temperature:25 huminity:35
2018-09-18 10:38:48 temperature:25 huminity:34
2018-09-18 10:38:50 temperature:25 huminity:37
2018-09-18 10:38:51 temperature:25 huminity:35
2018-09-18 10:38:53 temperature:25 huminity:35
2018-09-18 10:38:54 temperature:25 huminity:35
2018-09-18 10:38:56 temperature:25 huminity:34
2018-09-18 10:38:57 temperature:25 huminity:35
2018-09-18 10:38:58 temperature:25 huminity:34
2018-09-18 10:38:59 temperature:25 huminity:34
2018-09-18 10:39:00 temperature:25 huminity:34
2018-09-18 10:39:01 temperature:25 huminity:34
2018-09-18 10:39:02 temperature:25 huminity:34
2018-09-18 10:39:03 temperature:25 huminity:34
2018-09-18 10:39:05 temperature:25 huminity:34
2018-09-18 10:39:08 temperature:25 huminity:34
2018-09-18 10:39:09 temperature:25 huminity:34
2018-09-18 10:39:10 temperature:25 huminity:35
2018-09-18 10:39:11 temperature:25 huminity:34
2018-09-18 10:39:12 temperature:25 huminity:34
2018-09-18 10:39:13 temperature:25 huminity:34
2018-09-18 10:39:14 temperature:25 huminity:35
2018-09-18 10:39:15 temperature:25 huminity:34
2018-09-18 10:39:16 temperature:25 huminity:34
2018-09-18 10:39:17 temperature:25 huminity:36
2018-09-18 10:39:18 temperature:25 huminity:34
2018-09-18 10:39:19 temperature:26 huminity:36
2018-09-18 10:39:20 temperature:25 huminity:35
2018-09-18 10:39:21 temperature:25 huminity:35
2018-09-18 10:39:23 temperature:25 huminity:34
2018-09-18 10:39:24 temperature:25 huminity:34
2018-09-18 10:39:26 temperature:25 huminity:34
2018-09-18 10:39:28 temperature:25 huminity:36
2018-09-18 10:39:30 temperature:25 huminity:34
2018-09-18 10:39:31 temperature:25 huminity:34
2018-09-18 10:39:32 temperature:25 huminity:34
2018-09-18 10:39:33 temperature:25 huminity:34
2018-09-18 10:39:34 temperature:25 huminity:34
2018-09-18 10:39:35 temperature:25 huminity:34
2018-09-18 10:39:39 temperature:25 huminity:34
2018-09-18 10:39:41 temperature:25 huminity:35
2018-09-18 10:39:42 temperature:25 huminity:34
2018-09-18 10:39:44 temperature:25 huminity:34
2018-09-18 10:39:45 temperature:25 huminity:34
2018-09-18 10:39:47 temperature:25 huminity:34
2018-09-18 10:39:48 temperature:25 huminity:34
2018-09-18 10:39:50 temperature:25 huminity:36
2018-09-18 10:39:51 temperature:25 huminity:34
2018-09-18 10:39:53 temperature:25 huminity:34
2018-09-18 10:39:54 temperature:25 huminity:34
2018-09-18 10:39:56 temperature:25 huminity:34
2018-09-18 10:39:57 temperature:25 huminity:34
2018-09-18 10:39:59 temperature:25 huminity:36
2018-09-18 10:40:00 temperature:25 huminity:34
2018-09-18 10:40:01 temperature:25 huminity:34
2018-09-18 10:40:02 temperature:25 huminity:34
2018-09-18 10:40:03 temperature:26 huminity:34
2018-09-18 10:40:04 temperature:25 huminity:34
2018-09-18 10:40:05 temperature:25 huminity:36
2018-09-18 10:40:06 temperature:25 huminity:34
2018-09-18 10:40:08 temperature:25 huminity:34
2018-09-18 10:40:09 temperature:25 huminity:34
2018-09-18 10:40:11 temperature:25 huminity:34
2018-09-18 10:40:12 temperature:25 huminity:34
2018-09-18 10:40:13 temperature:25 huminity:34
2018-09-18 10:40:14 temperature:25 huminity:34
2018-09-18 10:40:15 temperature:25 huminity:34
2018-09-18 10:40:20 temperature:25 huminity:34
2018-09-18 10:40:21 temperature:25 huminity:34
2018-09-18 10:40:23 temperature:25 huminity:34
2018-09-18 10:40:24 temperature:25 huminity:34
2018-09-18 10:40:26 temperature:25 huminity:34
2018-09-18 10:40:27 temperature:25 huminity:34
2018-09-18 10:40:29 temperature:25 huminity:34
2018-09-18 10:40:30 temperature:25 huminity:34
2018-09-18 10:40:32 temperature:25 huminity:34
2018-09-18 10:40:33 temperature:25 huminity:34
2018-09-18 10:40:35 temperature:25 huminity:34
2018-09-18 10:40:36 temperature:25 huminity:34
2018-09-18 10:40:38 temperature:25 huminity:34
2018-09-18 10:40:39 temperature:25 huminity:34
2018-09-18 10:40:41 temperature:25 huminity:34
2018-09-18 10:40:42 temperature:25 huminity:34
2018-09-18 10:40:44 temperature:25 huminity:34
2018-09-18 10:40:45 temperature:25 huminity:34
2018-09-18 10:40:46 temperature:25 huminity:34
2018-09-18 10:40:49 temperature:25 huminity:34
2018-09-18 10:40:50 temperature:25 huminity:34
2018-09-18 10:40:51 temperature:25 huminity:35
2018-09-18 10:40:53 temperature:25 huminity:34
2018-09-18 10:40:54 temperature:25 huminity:34
2018-09-18 10:40:56 temperature:25 huminity:34
2018-09-18 10:40:57 temperature:25 huminity:34
2018-09-18 10:40:59 temperature:25 huminity:34
2018-09-18 10:41:00 temperature:25 huminity:34
2018-09-18 10:41:01 temperature:25 huminity:34
2018-09-18 10:41:02 temperature:25 huminity:34
2018-09-18 10:41:03 temperature:25 huminity:34
2018-09-18 10:41:05 temperature:25 huminity:34
2018-09-18 10:41:08 temperature:25 huminity:34
2018-09-18 10:41:09 temperature:25 huminity:34
2018-09-18 10:41:10 temperature:25 huminity:34
2018-09-18 10:41:11 temperature:25 huminity:34
2018-09-18 10:41:12 temperature:25 huminity:34
2018-09-18 10:41:13 temperature:25 huminity:34
2018-09-18 10:41:14 temperature:25 huminity:34
2018-09-18 10:41:15 temperature:25 huminity:34
2018-09-18 10:41:16 temperature:25 huminity:34
2018-09-18 10:41:17 temperature:25 huminity:34
2018-09-18 10:41:18 temperature:25 huminity:35
2018-09-18 10:41:20 temperature:25 huminity:34
2018-09-18 10:41:21 temperature:25 huminity:34
2018-09-18 10:41:25 temperature:25 huminity:34
2018-09-18 10:41:26 temperature:25 huminity:34
2018-09-18 10:41:29 temperature:25 huminity:34
2018-09-18 10:41:30 temperature:25 huminity:34
2018-09-18 10:41:33 temperature:25 huminity:34
2018-09-18 10:41:36 temperature:25 huminity:34
2018-09-18 10:41:37 temperature:25 huminity:34
2018-09-18 10:41:38 temperature:25 huminity:34
2018-09-18 10:41:39 temperature:25 huminity:34
2018-09-18 10:41:41 temperature:25 huminity:34
2018-09-18 10:41:42 temperature:25 huminity:34
2018-09-18 10:41:43 temperature:25 huminity:34
2018-09-18 10:41:44 temperature:25 huminity:34
2018-09-18 10:41:45 temperature:25 huminity:34
2018-09-18 10:41:47 temperature:25 huminity:34
2018-09-18 10:41:48 temperature:25 huminity:34
2018-09-18 10:41:50 temperature:25 huminity:34
2018-09-18 10:41:51 temperature:25 huminity:34
2018-09-18 10:41:53 temperature:25 huminity:34
2018-09-18 10:41:54 temperature:25 huminity:34
2018-09-18 10:41:56 temperature:25 huminity:34
2018-09-18 10:41:57 temperature:25 huminity:34
2018-09-18 10:41:58 temperature:25 huminity:34
2018-09-18 10:41:59 temperature:25 huminity:34
2018-09-18 10:42:00 temperature:25 huminity:34
2018-09-18 10:42:01 temperature:25 huminity:34
2018-09-18 10:42:02 temperature:25 huminity:34
2018-09-18 10:42:03 temperature:25 huminity:34
2018-09-18 10:42:05 temperature:25 huminity:34
2018-09-18 10:42:06 temperature:25 huminity:34
2018-09-18 10:42:07 temperature:25 huminity:34
2018-09-18 10:42:08 temperature:25 huminity:34
2018-09-18 10:42:09 temperature:25 huminity:34
2018-09-18 10:42:11 temperature:25 huminity:34
2018-09-18 10:42:12 temperature:25 huminity:34
2018-09-18 10:42:14 temperature:25 huminity:34
2018-09-18 10:42:15 temperature:25 huminity:34
2018-09-18 10:42:17 temperature:25 huminity:34
2018-09-18 10:42:18 temperature:25 huminity:34
2018-09-18 10:42:20 temperature:25 huminity:34
2018-09-18 10:42:21 temperature:25 huminity:34
2018-09-18 10:42:23 temperature:25 huminity:34
2018-09-18 10:42:26 temperature:25 huminity:34
2018-09-18 10:42:27 temperature:25 huminity:34
2018-09-18 10:42:28 temperature:25 huminity:34
2018-09-18 10:42:29 temperature:25 huminity:34
2018-09-18 10:42:30 temperature:25 huminity:34
2018-09-18 10:42:32 temperature:25 huminity:34
2018-09-18 10:42:33 temperature:25 huminity:34
2018-09-18 10:42:35 temperature:25 huminity:34
2018-09-18 10:42:36 temperature:25 huminity:36
2018-09-18 10:42:38 temperature:25 huminity:34
2018-09-18 10:42:39 temperature:25 huminity:34
2018-09-18 10:42:41 temperature:25 huminity:34
2018-09-18 10:42:42 temperature:25 huminity:35
2018-09-18 10:42:44 temperature:25 huminity:34
2018-09-18 10:42:45 temperature:25 huminity:34
2018-09-18 10:42:47 temperature:25 huminity:35
2018-09-18 10:42:48 temperature:25 huminity:34
2018-09-18 10:42:50 temperature:25 huminity:37
2018-09-18 10:42:51 temperature:26 huminity:34
2018-09-18 10:42:52 temperature:25 huminity:34
2018-09-18 10:42:53 temperature:25 huminity:34
2018-09-18 10:42:54 temperature:25 huminity:35
2018-09-18 10:42:56 temperature:25 huminity:34
2018-09-18 10:42:57 temperature:25 huminity:34
2018-09-18 10:42:59 temperature:25 huminity:34
2018-09-18 10:43:00 temperature:25 huminity:34
2018-09-18 10:43:01 temperature:25 huminity:34
2018-09-18 10:43:03 temperature:25 huminity:35
2018-09-18 10:43:05 temperature:25 huminity:34
2018-09-18 10:43:06 temperature:25 huminity:34
2018-09-18 10:43:08 temperature:25 huminity:34
2018-09-18 10:43:09 temperature:25 huminity:34
2018-09-18 10:43:12 temperature:25 huminity:34
2018-09-18 10:43:13 temperature:25 huminity:34
2018-09-18 10:43:14 temperature:25 huminity:34
2018-09-18 10:43:15 temperature:25 huminity:34
2018-09-18 10:43:17 temperature:25 huminity:34
2018-09-18 10:43:18 temperature:25 huminity:34
2018-09-18 10:43:19 temperature:25 huminity:34
2018-09-18 10:43:20 temperature:25 huminity:34
2018-09-18 10:43:21 temperature:25 huminity:34
2018-09-18 10:43:22 temperature:25 huminity:34
2018-09-18 10:43:23 temperature:25 huminity:34
2018-09-18 10:43:24 temperature:25 huminity:35
2018-09-18 10:43:25 temperature:25 huminity:34
2018-09-18 10:43:26 temperature:25 huminity:34
2018-09-18 10:43:27 temperature:25 huminity:34
2018-09-18 10:43:29 temperature:25 huminity:34
2018-09-18 10:43:30 temperature:25 huminity:34
2018-09-18 10:43:33 temperature:25 huminity:34
2018-09-18 10:43:35 temperature:25 huminity:34
2018-09-18 10:43:36 temperature:25 huminity:34
2018-09-18 10:43:38 temperature:25 huminity:34
2018-09-18 10:43:39 temperature:25 huminity:34
2018-09-18 10:43:40 temperature:25 huminity:34
2018-09-18 10:43:41 temperature:25 huminity:34
2018-09-18 10:43:42 temperature:25 huminity:34
2018-09-18 10:43:43 temperature:25 huminity:34
2018-09-18 10:43:44 temperature:25 huminity:34
2018-09-18 10:43:45 temperature:25 huminity:34
2018-09-18 10:43:46 temperature:25 huminity:34
2018-09-18 10:43:47 temperature:25 huminity:34
2018-09-18 10:43:48 temperature:25 huminity:34
2018-09-18 10:43:49 temperature:25 huminity:34
2018-09-18 10:43:50 temperature:25 huminity:34
2018-09-18 10:43:51 temperature:25 huminity:34
2018-09-18 10:43:52 temperature:25 huminity:34
2018-09-18 10:43:53 temperature:25 huminity:34
2018-09-18 10:43:56 temperature:25 huminity:35
2018-09-18 10:43:57 temperature:25 huminity:34
2018-09-18 10:43:58 temperature:25 huminity:34
2018-09-18 10:43:59 temperature:25 huminity:34
2018-09-18 10:44:00 temperature:25 huminity:34
2018-09-18 10:44:01 temperature:25 huminity:34
2018-09-18 10:44:03 temperature:25 huminity:34
2018-09-18 10:44:05 temperature:25 huminity:34
2018-09-18 10:44:06 temperature:25 huminity:34
2018-09-18 10:44:07 temperature:25 huminity:34
2018-09-18 10:44:09 temperature:25 huminity:34
2018-09-18 10:44:11 temperature:25 huminity:34
2018-09-18 10:44:12 temperature:25 huminity:34
2018-09-18 10:44:14 temperature:25 huminity:34
2018-09-18 10:44:15 temperature:25 huminity:34
2018-09-18 10:44:16 temperature:25 huminity:34
2018-09-18 10:44:17 temperature:25 huminity:34
2018-09-18 10:44:18 temperature:25 huminity:34
2018-09-18 10:44:20 temperature:25 huminity:34
2018-09-18 10:44:21 temperature:25 huminity:34
2018-09-18 10:44:23 temperature:25 huminity:34
2018-09-18 10:44:26 temperature:25 huminity:34
2018-09-18 10:44:27 temperature:25 huminity:34
2018-09-18 10:44:29 temperature:25 huminity:34
2018-09-18 10:44:32 temperature:25 huminity:34
2018-09-18 10:44:33 temperature:25 huminity:34
2018-09-18 10:44:34 temperature:25 huminity:34
2018-09-18 10:44:35 temperature:25 huminity:34
2018-09-18 10:44:37 temperature:25 huminity:34
2018-09-18 10:44:38 temperature:25 huminity:34
2018-09-18 10:44:39 temperature:25 huminity:34
2018-09-18 10:44:40 temperature:25 huminity:34
2018-09-18 10:44:41 temperature:25 huminity:34
2018-09-18 10:44:42 temperature:25 huminity:34
2018-09-18 10:44:44 temperature:25 huminity:34
2018-09-18 10:44:46 temperature:25 huminity:34
2018-09-18 10:44:47 temperature:25 huminity:34
2018-09-18 10:44:48 temperature:25 huminity:34
2018-09-18 10:44:49 temperature:25 huminity:34
2018-09-18 10:44:50 temperature:25 huminity:34
2018-09-18 10:44:51 temperature:25 huminity:34
2018-09-18 10:44:52 temperature:25 huminity:34
2018-09-18 10:44:53 temperature:25 huminity:34
2018-09-18 10:44:54 temperature:25 huminity:34
2018-09-18 10:44:56 temperature:25 huminity:34
2018-09-18 10:44:57 temperature:25 huminity:34
2018-09-18 10:44:58 temperature:25 huminity:34
2018-09-18 10:44:59 temperature:25 huminity:34
2018-09-18 10:45:00 temperature:25 huminity:34
2018-09-18 10:45:01 temperature:25 huminity:34
2018-09-18 10:45:02 temperature:25 huminity:34
2018-09-18 10:45:03 temperature:25 huminity:34
2018-09-18 10:45:04 temperature:25 huminity:34
2018-09-18 10:45:05 temperature:25 huminity:34
2018-09-18 10:45:06 temperature:25 huminity:34
2018-09-18 10:45:07 temperature:25 huminity:34
2018-09-18 10:45:10 temperature:25 huminity:34
2018-09-18 10:45:11 temperature:25 huminity:34
2018-09-18 10:45:12 temperature:25 huminity:34
2018-09-18 10:45:13 temperature:25 huminity:34
2018-09-18 10:45:14 temperature:25 huminity:34
2018-09-18 10:45:15 temperature:25 huminity:34
2018-09-18 10:45:18 temperature:25 huminity:34
2018-09-18 10:45:20 temperature:25 huminity:34
2018-09-18 10:45:21 temperature:25 huminity:34
2018-09-18 10:45:23 temperature:25 huminity:34
2018-09-18 10:45:24 temperature:25 huminity:34
2018-09-18 10:45:26 temperature:25 huminity:34
2018-09-18 10:45:27 temperature:25 huminity:34
2018-09-18 10:45:28 temperature:25 huminity:34
2018-09-18 10:45:29 temperature:25 huminity:34
2018-09-18 10:45:30 temperature:25 huminity:34
2018-09-18 10:45:32 temperature:25 huminity:34
2018-09-18 10:45:33 temperature:25 huminity:34
2018-09-18 10:45:35 temperature:25 huminity:34
2018-09-18 10:45:37 temperature:25 huminity:34
2018-09-18 10:45:38 temperature:25 huminity:34
2018-09-18 10:45:39 temperature:25 huminity:34
2018-09-18 10:45:40 temperature:25 huminity:34
2018-09-18 10:45:41 temperature:25 huminity:34
2018-09-18 10:45:43 temperature:25 huminity:34
2018-09-18 10:45:44 temperature:25 huminity:34
2018-09-18 10:45:45 temperature:25 huminity:34
2018-09-18 10:45:46 temperature:25 huminity:36
2018-09-18 10:45:48 temperature:25 huminity:34
2018-09-18 10:45:49 temperature:25 huminity:34
2018-09-18 10:45:50 temperature:25 huminity:34
2018-09-18 10:45:52 temperature:25 huminity:34
2018-09-18 10:45:53 temperature:25 huminity:34
2018-09-18 10:45:55 temperature:25 huminity:34
2018-09-18 10:45:56 temperature:25 huminity:34
2018-09-18 10:45:57 temperature:25 huminity:34
2018-09-18 10:45:58 temperature:25 huminity:34
2018-09-18 10:45:59 temperature:25 huminity:34
2018-09-18 10:46:01 temperature:25 huminity:34
2018-09-18 10:46:03 temperature:25 huminity:34
2018-09-18 10:46:04 temperature:25 huminity:34
2018-09-18 10:46:05 temperature:25 huminity:34
2018-09-18 10:46:08 temperature:25 huminity:34
2018-09-18 10:46:09 temperature:25 huminity:34
2018-09-18 10:46:10 temperature:25 huminity:34
2018-09-18 10:46:11 temperature:25 huminity:34
2018-09-18 10:46:12 temperature:25 huminity:34
2018-09-18 10:46:14 temperature:25 huminity:34
2018-09-18 10:46:15 temperature:25 huminity:34
2018-09-18 10:46:16 temperature:25 huminity:34
2018-09-18 10:46:17 temperature:25 huminity:35
2018-09-18 10:46:18 temperature:25 huminity:34
2018-09-18 10:46:20 temperature:25 huminity:34
2018-09-18 10:46:22 temperature:25 huminity:34
2018-09-18 10:46:23 temperature:25 huminity:34
2018-09-18 10:46:24 temperature:25 huminity:34
2018-09-18 10:46:27 temperature:25 huminity:34
2018-09-18 10:46:29 temperature:25 huminity:34
2018-09-18 10:46:31 temperature:25 huminity:34
2018-09-18 10:46:32 temperature:25 huminity:34
2018-09-18 10:46:33 temperature:25 huminity:34
2018-09-18 10:46:36 temperature:25 huminity:34
2018-09-18 10:46:37 temperature:25 huminity:34
2018-09-18 10:46:38 temperature:25 huminity:34
2018-09-18 10:46:40 temperature:25 huminity:34
2018-09-18 10:46:41 temperature:25 huminity:34
2018-09-18 10:46:42 temperature:25 huminity:34
2018-09-18 10:46:43 temperature:25 huminity:36
2018-09-18 10:46:44 temperature:25 huminity:34
2018-09-18 10:46:47 temperature:25 huminity:34
2018-09-18 10:46:48 temperature:25 huminity:34
2018-09-18 10:46:50 temperature:25 huminity:34
2018-09-18 10:46:54 temperature:25 huminity:34
2018-09-18 10:46:55 temperature:25 huminity:34
2018-09-18 10:46:56 temperature:25 huminity:34
2018-09-18 10:46:57 temperature:25 huminity:34
2018-09-18 10:46:59 temperature:25 huminity:34
2018-09-18 10:47:01 temperature:25 huminity:34
2018-09-18 10:47:02 temperature:25 huminity:34
2018-09-18 10:47:05 temperature:25 huminity:34
2018-09-18 10:47:06 temperature:25 huminity:34
2018-09-18 10:47:08 temperature:25 huminity:34
2018-09-18 10:47:09 temperature:25 huminity:34
2018-09-18 10:47:10 temperature:25 huminity:34
2018-09-18 10:47:11 temperature:25 huminity:34
2018-09-18 10:47:12 temperature:25 huminity:34
2018-09-18 10:47:14 temperature:25 huminity:37
2018-09-18 10:47:15 temperature:25 huminity:34
2018-09-18 10:47:17 temperature:25 huminity:34
2018-09-18 10:47:18 temperature:25 huminity:34
2018-09-18 10:47:19 temperature:25 huminity:34
2018-09-18 10:47:20 temperature:25 huminity:34
2018-09-18 10:47:21 temperature:25 huminity:34
2018-09-18 10:47:25 temperature:25 huminity:34
2018-09-18 10:47:26 temperature:25 huminity:34
2018-09-18 10:47:28 temperature:25 huminity:34
2018-09-18 10:47:29 temperature:25 huminity:34
2018-09-18 10:47:30 temperature:25 huminity:34
2018-09-18 10:47:35 temperature:25 huminity:34
2018-09-18 10:47:36 temperature:25 huminity:34
2018-09-18 10:47:38 temperature:25 huminity:34
2018-09-18 10:47:40 temperature:25 huminity:37
2018-09-18 10:47:44 temperature:25 huminity:34
2018-09-18 10:47:45 temperature:25 huminity:34
2018-09-18 10:47:46 temperature:25 huminity:34
2018-09-18 10:47:47 temperature:25 huminity:34
2018-09-18 10:47:49 temperature:25 huminity:34
2018-09-18 10:47:50 temperature:25 huminity:34
2018-09-18 10:47:52 temperature:25 huminity:34
2018-09-18 10:47:53 temperature:25 huminity:34
2018-09-18 10:47:54 temperature:25 huminity:34
2018-09-18 10:47:56 temperature:25 huminity:34
2018-09-18 10:47:58 temperature:25 huminity:34
2018-09-18 10:47:59 temperature:25 huminity:34
2018-09-18 10:48:00 temperature:25 huminity:34
2018-09-18 10:48:01 temperature:25 huminity:34
2018-09-18 10:48:04 temperature:25 huminity:34
2018-09-18 10:48:05 temperature:25 huminity:34
2018-09-18 10:48:07 temperature:25 huminity:34
2018-09-18 10:48:08 temperature:25 huminity:34
2018-09-18 10:48:09 temperature:25 huminity:34
2018-09-18 10:48:11 temperature:25 huminity:34
2018-09-18 10:48:13 temperature:25 huminity:34
2018-09-18 10:48:15 temperature:25 huminity:34
2018-09-18 10:48:16 temperature:25 huminity:34
2018-09-18 10:48:18 temperature:25 huminity:34
2018-09-18 10:48:20 temperature:25 huminity:34
2018-09-18 10:48:21 temperature:25 huminity:34
2018-09-18 10:48:22 temperature:25 huminity:34
2018-09-18 10:48:23 temperature:25 huminity:36
2018-09-18 10:48:24 temperature:25 huminity:34
2018-09-18 10:48:26 temperature:25 huminity:34
2018-09-18 10:48:28 temperature:25 huminity:34
2018-09-18 10:48:29 temperature:25 huminity:34
2018-09-18 10:48:30 temperature:25 huminity:34
2018-09-18 10:48:31 temperature:25 huminity:34
2018-09-18 10:48:32 temperature:25 huminity:34
2018-09-18 10:48:34 temperature:25 huminity:34
Traceback (most recent call last):
  File "DHT11.py", line 84, in <module>
    DHT11_read()
  File "DHT11.py", line 78, in DHT11_read
    s.sendall(full_name)
  File "/usr/lib/python2.7/socket.py", line 228, in meth
    return getattr(self._sock,name)(*args)
socket.error: [Errno 32] Broken pipe
Traceback (most recent call last):
  File "DHT11.py", line 9, in <module>
    s.connect((host,port))
  File "/usr/lib/python2.7/socket.py", line 228, in meth
    return getattr(self._sock,name)(*args)
socket.error: [Errno 111] Connection refused
Traceback (most recent call last):
  File "DHT11.py", line 9, in <module>
    s.connect((host,port))
  File "/usr/lib/python2.7/socket.py", line 228, in meth
    return getattr(self._sock,name)(*args)
socket.error: [Errno 111] Connection refused
                                                                                                                                                                                                                                                                                                                                                                                                                                                                                                                                                                                                                                                                                                                                                                                                                                                                                                                                                                                                                                                                                                                                                                                                                                                                                                                                                                                                                                                                                                                                                                                                                                                                                                                                                                                                                                       